<?xml version="1.0" encoding="UTF-8"?>
<!-- Generated by org.testng.reporters.JUnitXMLReporter -->
<testsuite ignored="0" hostname="LTIN509456" failures="0" tests="12" name="Test Search in Edge" time="118.822" errors="0" timestamp="2024-04-04T17:21:44 IST">
  <testcase classname="testSenario.TestCase" name="captureUserInfo" time="12.57"/>
  <testcase classname="testSenario.TestCase" name="clickoncompany" time="0.144"/>
  <testcase classname="testSenario.TestCase" name="clickonacronym" time="2.324"/>
  <testcase classname="testSenario.TestCase" name="title" time="0.191"/>
  <testcase classname="testSenario.TestCase" name="tooltip" time="0.021"/>
  <testcase classname="testSenario.TestCase" name="data" time="0.032"/>
  <testcase classname="testSenario.TestCase" name="alldata" time="30.301"/>
  <testcase classname="testSenario.TestCase" name="clickonbecognizant" time="0.081"/>
  <testcase classname="testSenario.TestCase" name="ValidateCogniHomePage" time="0.009"/>
  <testcase classname="testSenario.TestCase" name="scrollBottom" time="0.021"/>
  <testcase classname="testSenario.TestCase" name="getStockPrice" time="0.259"/>
  <testcase classname="testSenario.TestCase" name="ValidateStockPrice" time="46.764"/>
</testsuite> <!-- Test Search in Edge -->
