<?xml version="1.0" encoding="UTF-8"?>
<testng-results ignored="0" total="24" passed="24" failed="0" skipped="0">
  <reporter-output>
  </reporter-output>
  <suite started-at="2024-04-04T17:19:46 IST" name="Suite" finished-at="2024-04-04T17:23:44 IST" duration-ms="237976">
    <groups>
    </groups>
    <test started-at="2024-04-04T17:19:46 IST" name="Test Search in Edge" finished-at="2024-04-04T17:21:44 IST" duration-ms="118822">
      <class name="testSenario.TestCase">
        <test-method is-config="true" signature="driverInstantiate(java.lang.String)[pri:0, instance:testSenario.TestCase@179ece50]" started-at="2024-04-04T17:19:46 IST" name="driverInstantiate" finished-at="2024-04-04T17:19:55 IST" duration-ms="9452" status="PASS">
          <params>
            <param index="0">
              <value>
                <![CDATA[edge]]>
              </value>
            </param>
          </params>
          <reporter-output>
          </reporter-output>
        </test-method> <!-- driverInstantiate -->
        <test-method signature="captureUserInfo()[pri:0, instance:testSenario.TestCase@179ece50]" started-at="2024-04-04T17:19:55 IST" name="captureUserInfo" finished-at="2024-04-04T17:20:08 IST" duration-ms="12570" status="PASS">
          <reporter-output>
          </reporter-output>
        </test-method> <!-- captureUserInfo -->
        <test-method signature="clickoncompany()[pri:1, instance:testSenario.TestCase@179ece50]" started-at="2024-04-04T17:20:08 IST" name="clickoncompany" finished-at="2024-04-04T17:20:08 IST" duration-ms="144" status="PASS">
          <reporter-output>
          </reporter-output>
        </test-method> <!-- clickoncompany -->
        <test-method signature="clickonacronym()[pri:2, instance:testSenario.TestCase@179ece50]" started-at="2024-04-04T17:20:09 IST" name="clickonacronym" finished-at="2024-04-04T17:20:11 IST" duration-ms="2324" status="PASS">
          <reporter-output>
          </reporter-output>
        </test-method> <!-- clickonacronym -->
        <test-method signature="title()[pri:3, instance:testSenario.TestCase@179ece50]" started-at="2024-04-04T17:20:11 IST" name="title" finished-at="2024-04-04T17:20:12 IST" duration-ms="191" status="PASS">
          <reporter-output>
          </reporter-output>
        </test-method> <!-- title -->
        <test-method signature="tooltip()[pri:4, instance:testSenario.TestCase@179ece50]" started-at="2024-04-04T17:20:12 IST" name="tooltip" finished-at="2024-04-04T17:20:12 IST" duration-ms="21" status="PASS">
          <reporter-output>
          </reporter-output>
        </test-method> <!-- tooltip -->
        <test-method signature="data()[pri:5, instance:testSenario.TestCase@179ece50]" started-at="2024-04-04T17:20:12 IST" name="data" finished-at="2024-04-04T17:20:12 IST" duration-ms="32" status="PASS">
          <reporter-output>
          </reporter-output>
        </test-method> <!-- data -->
        <test-method signature="alldata()[pri:6, instance:testSenario.TestCase@179ece50]" started-at="2024-04-04T17:20:12 IST" name="alldata" finished-at="2024-04-04T17:20:42 IST" duration-ms="30301" status="PASS">
          <reporter-output>
          </reporter-output>
        </test-method> <!-- alldata -->
        <test-method signature="clickonbecognizant()[pri:7, instance:testSenario.TestCase@179ece50]" started-at="2024-04-04T17:20:42 IST" name="clickonbecognizant" finished-at="2024-04-04T17:20:43 IST" duration-ms="81" status="PASS">
          <reporter-output>
          </reporter-output>
        </test-method> <!-- clickonbecognizant -->
        <test-method signature="ValidateCogniHomePage()[pri:8, instance:testSenario.TestCase@179ece50]" started-at="2024-04-04T17:20:45 IST" name="ValidateCogniHomePage" finished-at="2024-04-04T17:20:45 IST" duration-ms="9" status="PASS">
          <reporter-output>
          </reporter-output>
        </test-method> <!-- ValidateCogniHomePage -->
        <test-method signature="scrollBottom()[pri:9, instance:testSenario.TestCase@179ece50]" started-at="2024-04-04T17:20:46 IST" name="scrollBottom" finished-at="2024-04-04T17:20:46 IST" duration-ms="21" status="PASS">
          <reporter-output>
          </reporter-output>
        </test-method> <!-- scrollBottom -->
        <test-method signature="getStockPrice()[pri:10, instance:testSenario.TestCase@179ece50]" started-at="2024-04-04T17:20:46 IST" name="getStockPrice" finished-at="2024-04-04T17:20:46 IST" duration-ms="259" status="PASS">
          <reporter-output>
          </reporter-output>
        </test-method> <!-- getStockPrice -->
        <test-method signature="ValidateStockPrice()[pri:11, instance:testSenario.TestCase@179ece50]" started-at="2024-04-04T17:20:46 IST" name="ValidateStockPrice" finished-at="2024-04-04T17:21:33 IST" duration-ms="46764" status="PASS">
          <reporter-output>
          </reporter-output>
        </test-method> <!-- ValidateStockPrice -->
        <test-method is-config="true" signature="driverTearDown()[pri:0, instance:testSenario.TestCase@179ece50]" started-at="2024-04-04T17:21:33 IST" name="driverTearDown" finished-at="2024-04-04T17:21:44 IST" duration-ms="11248" status="PASS">
          <reporter-output>
          </reporter-output>
        </test-method> <!-- driverTearDown -->
      </class> <!-- testSenario.TestCase -->
    </test> <!-- Test Search in Edge -->
    <test started-at="2024-04-04T17:21:44 IST" name="Test Search in Chrome" finished-at="2024-04-04T17:23:44 IST" duration-ms="119123">
      <class name="testSenario.TestCase">
        <test-method is-config="true" signature="driverInstantiate(java.lang.String)[pri:0, instance:testSenario.TestCase@20d525]" started-at="2024-04-04T17:21:44 IST" name="driverInstantiate" finished-at="2024-04-04T17:21:52 IST" duration-ms="7191" status="PASS">
          <params>
            <param index="0">
              <value>
                <![CDATA[Chrome]]>
              </value>
            </param>
          </params>
          <reporter-output>
          </reporter-output>
        </test-method> <!-- driverInstantiate -->
        <test-method signature="captureUserInfo()[pri:0, instance:testSenario.TestCase@20d525]" started-at="2024-04-04T17:21:52 IST" name="captureUserInfo" finished-at="2024-04-04T17:22:04 IST" duration-ms="12468" status="PASS">
          <reporter-output>
          </reporter-output>
        </test-method> <!-- captureUserInfo -->
        <test-method signature="clickoncompany()[pri:1, instance:testSenario.TestCase@20d525]" started-at="2024-04-04T17:22:04 IST" name="clickoncompany" finished-at="2024-04-04T17:22:04 IST" duration-ms="119" status="PASS">
          <reporter-output>
          </reporter-output>
        </test-method> <!-- clickoncompany -->
        <test-method signature="clickonacronym()[pri:2, instance:testSenario.TestCase@20d525]" started-at="2024-04-04T17:22:05 IST" name="clickonacronym" finished-at="2024-04-04T17:22:08 IST" duration-ms="2721" status="PASS">
          <reporter-output>
          </reporter-output>
        </test-method> <!-- clickonacronym -->
        <test-method signature="title()[pri:3, instance:testSenario.TestCase@20d525]" started-at="2024-04-04T17:22:08 IST" name="title" finished-at="2024-04-04T17:22:08 IST" duration-ms="220" status="PASS">
          <reporter-output>
          </reporter-output>
        </test-method> <!-- title -->
        <test-method signature="tooltip()[pri:4, instance:testSenario.TestCase@20d525]" started-at="2024-04-04T17:22:08 IST" name="tooltip" finished-at="2024-04-04T17:22:08 IST" duration-ms="24" status="PASS">
          <reporter-output>
          </reporter-output>
        </test-method> <!-- tooltip -->
        <test-method signature="data()[pri:5, instance:testSenario.TestCase@20d525]" started-at="2024-04-04T17:22:08 IST" name="data" finished-at="2024-04-04T17:22:08 IST" duration-ms="33" status="PASS">
          <reporter-output>
          </reporter-output>
        </test-method> <!-- data -->
        <test-method signature="alldata()[pri:6, instance:testSenario.TestCase@20d525]" started-at="2024-04-04T17:22:09 IST" name="alldata" finished-at="2024-04-04T17:22:39 IST" duration-ms="30437" status="PASS">
          <reporter-output>
          </reporter-output>
        </test-method> <!-- alldata -->
        <test-method signature="clickonbecognizant()[pri:7, instance:testSenario.TestCase@20d525]" started-at="2024-04-04T17:22:39 IST" name="clickonbecognizant" finished-at="2024-04-04T17:22:39 IST" duration-ms="80" status="PASS">
          <reporter-output>
          </reporter-output>
        </test-method> <!-- clickonbecognizant -->
        <test-method signature="ValidateCogniHomePage()[pri:8, instance:testSenario.TestCase@20d525]" started-at="2024-04-04T17:22:42 IST" name="ValidateCogniHomePage" finished-at="2024-04-04T17:22:42 IST" duration-ms="9" status="PASS">
          <reporter-output>
          </reporter-output>
        </test-method> <!-- ValidateCogniHomePage -->
        <test-method signature="scrollBottom()[pri:9, instance:testSenario.TestCase@20d525]" started-at="2024-04-04T17:22:42 IST" name="scrollBottom" finished-at="2024-04-04T17:22:42 IST" duration-ms="28" status="PASS">
          <reporter-output>
          </reporter-output>
        </test-method> <!-- scrollBottom -->
        <test-method signature="getStockPrice()[pri:10, instance:testSenario.TestCase@20d525]" started-at="2024-04-04T17:22:42 IST" name="getStockPrice" finished-at="2024-04-04T17:22:43 IST" duration-ms="199" status="PASS">
          <reporter-output>
          </reporter-output>
        </test-method> <!-- getStockPrice -->
        <test-method signature="ValidateStockPrice()[pri:11, instance:testSenario.TestCase@20d525]" started-at="2024-04-04T17:22:43 IST" name="ValidateStockPrice" finished-at="2024-04-04T17:23:32 IST" duration-ms="49599" status="PASS">
          <reporter-output>
          </reporter-output>
        </test-method> <!-- ValidateStockPrice -->
        <test-method is-config="true" signature="driverTearDown()[pri:0, instance:testSenario.TestCase@20d525]" started-at="2024-04-04T17:23:32 IST" name="driverTearDown" finished-at="2024-04-04T17:23:44 IST" duration-ms="11180" status="PASS">
          <reporter-output>
          </reporter-output>
        </test-method> <!-- driverTearDown -->
      </class> <!-- testSenario.TestCase -->
    </test> <!-- Test Search in Chrome -->
  </suite> <!-- Suite -->
</testng-results>
